2024-05-20 22:26:13 HV000001: Hibernate Validator 6.2.5.Final
2024-05-20 22:26:13 Starting SpringDataJpaHrProjectApplication using Java 1.8.0_202 on IT-AhmedAlsheikh with PID 7912 (D:\intellij\books\target\classes started by Ahmed.Elsheikh in D:\intellij\books)
2024-05-20 22:26:13 Running with Spring Boot v2.7.8, Spring v5.3.25
2024-05-20 22:26:13 No active profile set, falling back to 1 default profile: "default"
2024-05-20 22:26:13 Devtools property defaults active! Set 'spring.devtools.add-properties' to 'false' to disable
2024-05-20 22:26:13 For additional web related logging consider setting the 'logging.level.web' property to 'DEBUG'
2024-05-20 22:26:14 Bootstrapping Spring Data JPA repositories in DEFAULT mode.
2024-05-20 22:26:14 Finished Spring Data repository scanning in 37 ms. Found 2 JPA repository interfaces.
2024-05-20 22:26:14 Tomcat initialized with port(s): 1996 (http)
2024-05-20 22:26:14 Initializing ProtocolHandler ["http-nio-1996"]
2024-05-20 22:26:14 Starting service [Tomcat]
2024-05-20 22:26:14 Starting Servlet engine: [Apache Tomcat/9.0.71]
2024-05-20 22:26:15 Initializing Spring embedded WebApplicationContext
2024-05-20 22:26:15 Root WebApplicationContext: initialization completed in 1206 ms
2024-05-20 22:26:15 HHH000204: Processing PersistenceUnitInfo [name: default]
2024-05-20 22:26:15 HHH000412: Hibernate ORM core version 5.6.14.Final
2024-05-20 22:26:15 HCANN000001: Hibernate Commons Annotations {5.1.2.Final}
2024-05-20 22:26:15 HikariPool-1 - Starting...
2024-05-20 22:26:15 HikariPool-1 - Start completed.
2024-05-20 22:26:15 HHH000400: Using dialect: org.hibernate.dialect.MySQL8Dialect
2024-05-20 22:26:16 HHH000490: Using JtaPlatform implementation: [org.hibernate.engine.transaction.jta.platform.internal.NoJtaPlatform]
2024-05-20 22:26:16 Initialized JPA EntityManagerFactory for persistence unit 'default'
2024-05-20 22:26:16 spring.jpa.open-in-view is enabled by default. Therefore, database queries may be performed during view rendering. Explicitly configure spring.jpa.open-in-view to disable this warning
2024-05-20 22:26:17 LiveReload server is running on port 35729
2024-05-20 22:26:17 Exposing 1 endpoint(s) beneath base path '/actuator'
2024-05-20 22:26:17 Starting ProtocolHandler ["http-nio-1996"]
2024-05-20 22:26:17 Tomcat started on port(s): 1996 (http) with context path ''
2024-05-20 22:26:17 Started SpringDataJpaHrProjectApplication in 3.872 seconds (JVM running for 4.92)
2024-05-20 22:26:17 
    select
        author0_.id as id1_0_,
        author0_.created_by as created_2_0_,
        author0_.created_date as created_3_0_,
        author0_.last_modified_by as last_mod4_0_,
        author0_.last_modified_date as last_mod5_0_,
        author0_.name as name6_0_,
        author0_.status_code as status_c7_0_,
        author0_.email as email8_0_,
        author0_.ip_address as ip_addre9_0_,
        (select
            COUNT(*) 
        from
            books book 
        where
            book.author_id = author0_.id) as formula1_ 
    from
        authors author0_
2024-05-20 22:26:17 
    select
        book0_.id as id1_1_0_,
        author1_.id as id1_0_1_,
        book0_.created_by as created_2_1_0_,
        book0_.created_date as created_3_1_0_,
        book0_.last_modified_by as last_mod4_1_0_,
        book0_.last_modified_date as last_mod5_1_0_,
        book0_.name as name6_1_0_,
        book0_.status_code as status_c7_1_0_,
        book0_.author_id as author_i9_1_0_,
        book0_.price as price8_1_0_,
        (select
            count(*) 
        from
            books) as formula2_0_,
        author1_.created_by as created_2_0_1_,
        author1_.created_date as created_3_0_1_,
        author1_.last_modified_by as last_mod4_0_1_,
        author1_.last_modified_date as last_mod5_0_1_,
        author1_.name as name6_0_1_,
        author1_.status_code as status_c7_0_1_,
        author1_.email as email8_0_1_,
        author1_.ip_address as ip_addre9_0_1_,
        (select
            COUNT(*) 
        from
            books book 
        where
            book.author_id = author1_.id) as formula1_1_ 
    from
        books book0_ 
    left outer join
        authors author1_ 
            on book0_.author_id=author1_.id
2024-05-20 22:26:17 Initializing Spring DispatcherServlet 'dispatcherServlet'
2024-05-20 22:26:17 Initializing Servlet 'dispatcherServlet'
2024-05-20 22:26:17 Completed initialization in 1 ms
